This file contains any messages produced by compilers while
running configure, to aid debugging if configure makes a mistake.

It was created by configure, which was
generated by GNU Autoconf 2.59.  Invocation command line was

  $ ./configure --with-php-config=/usr/local/php/bin/php-config

## --------- ##
## Platform. ##
## --------- ##

hostname = liexusong-VirtualBox
uname -m = i686
uname -r = 3.13.0-32-generic
uname -s = Linux
uname -v = #57-Ubuntu SMP Tue Jul 15 03:51:12 UTC 2014

/usr/bin/uname -p = unknown
/bin/uname -X     = unknown

/bin/arch              = unknown
/usr/bin/arch -k       = unknown
/usr/convex/getsysinfo = unknown
hostinfo               = unknown
/bin/machine           = unknown
/usr/bin/oslevel       = unknown
/bin/universe          = unknown

PATH: /usr/local/sbin
PATH: /usr/local/bin
PATH: /usr/sbin
PATH: /usr/bin
PATH: /sbin
PATH: /bin
PATH: /usr/games
PATH: /usr/local/games


## ----------- ##
## Core tests. ##
## ----------- ##

configure:1481: checking for egrep
configure:1491: result: grep -E
configure:1496: checking for a sed that does not truncate output
configure:1550: result: /bin/sed
configure:1680: checking for cc
configure:1696: found /usr/bin/cc
configure:1706: result: cc
configure:1727: checking for C compiler version
configure:1730: cc --version </dev/null >&5
cc (Ubuntu 4.8.2-19ubuntu1) 4.8.2
Copyright (C) 2013 Free Software Foundation, Inc.
This is free software; see the source for copying conditions.  There is NO
warranty; not even for MERCHANTABILITY or FITNESS FOR A PARTICULAR PURPOSE.

configure:1733: $? = 0
configure:1735: cc -v </dev/null >&5
Using built-in specs.
COLLECT_GCC=cc
COLLECT_LTO_WRAPPER=/usr/lib/gcc/i686-linux-gnu/4.8/lto-wrapper
Target: i686-linux-gnu
Configured with: ../src/configure -v --with-pkgversion='Ubuntu 4.8.2-19ubuntu1' --with-bugurl=file:///usr/share/doc/gcc-4.8/README.Bugs --enable-languages=c,c++,java,go,d,fortran,objc,obj-c++ --prefix=/usr --program-suffix=-4.8 --enable-shared --enable-linker-build-id --libexecdir=/usr/lib --without-included-gettext --enable-threads=posix --with-gxx-include-dir=/usr/include/c++/4.8 --libdir=/usr/lib --enable-nls --with-sysroot=/ --enable-clocale=gnu --enable-libstdcxx-debug --enable-libstdcxx-time=yes --enable-gnu-unique-object --disable-libmudflap --enable-plugin --with-system-zlib --disable-browser-plugin --enable-java-awt=gtk --enable-gtk-cairo --with-java-home=/usr/lib/jvm/java-1.5.0-gcj-4.8-i386/jre --enable-java-home --with-jvm-root-dir=/usr/lib/jvm/java-1.5.0-gcj-4.8-i386 --with-jvm-jar-dir=/usr/lib/jvm-exports/java-1.5.0-gcj-4.8-i386 --with-arch-directory=i386 --with-ecj-jar=/usr/share/java/eclipse-ecj.jar --enable-objc-gc --enable-targets=all --enable-multiarch --disable-werror --with-arch-32=i686 --with-multilib-list=m32,m64,mx32 --with-tune=generic --enable-checking=release --build=i686-linux-gnu --host=i686-linux-gnu --target=i686-linux-gnu
Thread model: posix
gcc version 4.8.2 (Ubuntu 4.8.2-19ubuntu1) 
configure:1738: $? = 0
configure:1740: cc -V </dev/null >&5
cc: error: unrecognized command line option '-V'
cc: fatal error: no input files
compilation terminated.
configure:1743: $? = 4
configure:1766: checking for C compiler default output file name
configure:1769: cc    conftest.c  >&5
configure:1772: $? = 0
configure:1818: result: a.out
configure:1823: checking whether the C compiler works
configure:1829: ./a.out
configure:1832: $? = 0
configure:1849: result: yes
configure:1856: checking whether we are cross compiling
configure:1858: result: no
configure:1861: checking for suffix of executables
configure:1863: cc -o conftest    conftest.c  >&5
configure:1866: $? = 0
configure:1891: result: 
configure:1897: checking for suffix of object files
configure:1918: cc -c   conftest.c >&5
configure:1921: $? = 0
configure:1943: result: o
configure:1947: checking whether we are using the GNU C compiler
configure:1971: cc -c   conftest.c >&5
configure:1977: $? = 0
configure:1981: test -z 
			 || test ! -s conftest.err
configure:1984: $? = 0
configure:1987: test -s conftest.o
configure:1990: $? = 0
configure:2003: result: yes
configure:2009: checking whether cc accepts -g
configure:2030: cc -c -g  conftest.c >&5
configure:2036: $? = 0
configure:2040: test -z 
			 || test ! -s conftest.err
configure:2043: $? = 0
configure:2046: test -s conftest.o
configure:2049: $? = 0
configure:2060: result: yes
configure:2077: checking for cc option to accept ANSI C
configure:2147: cc  -c -g -O2  conftest.c >&5
configure:2153: $? = 0
configure:2157: test -z 
			 || test ! -s conftest.err
configure:2160: $? = 0
configure:2163: test -s conftest.o
configure:2166: $? = 0
configure:2184: result: none needed
configure:2202: cc -c -g -O2  conftest.c >&5
conftest.c:2:3: error: unknown type name 'choke'
   choke me
   ^
conftest.c:2:3: error: expected '=', ',', ';', 'asm' or '__attribute__' at end of input
configure:2208: $? = 1
configure: failed program was:
| #ifndef __cplusplus
|   choke me
| #endif
configure:2347: checking how to run the C preprocessor
configure:2382: cc -E  conftest.c
configure:2388: $? = 0
configure:2420: cc -E  conftest.c
conftest.c:9:28: fatal error: ac_nonexistent.h: No such file or directory
 #include <ac_nonexistent.h>
                            ^
compilation terminated.
configure:2426: $? = 1
configure: failed program was:
| /* confdefs.h.  */
| 
| #define PACKAGE_NAME ""
| #define PACKAGE_TARNAME ""
| #define PACKAGE_VERSION ""
| #define PACKAGE_STRING ""
| #define PACKAGE_BUGREPORT ""
| /* end confdefs.h.  */
| #include <ac_nonexistent.h>
configure:2465: result: cc -E
configure:2489: cc -E  conftest.c
configure:2495: $? = 0
configure:2527: cc -E  conftest.c
conftest.c:9:28: fatal error: ac_nonexistent.h: No such file or directory
 #include <ac_nonexistent.h>
                            ^
compilation terminated.
configure:2533: $? = 1
configure: failed program was:
| /* confdefs.h.  */
| 
| #define PACKAGE_NAME ""
| #define PACKAGE_TARNAME ""
| #define PACKAGE_VERSION ""
| #define PACKAGE_STRING ""
| #define PACKAGE_BUGREPORT ""
| /* end confdefs.h.  */
| #include <ac_nonexistent.h>
configure:2579: checking for icc
configure:2592: result: no
configure:2606: checking for suncc
configure:2619: result: no
configure:2637: checking whether cc understands -c and -o together
configure:2664: cc -c conftest.c -o conftest.o >&5
configure:2667: $? = 0
configure:2669: cc -c conftest.c -o conftest.o >&5
configure:2672: $? = 0
configure:2711: result: yes
configure:2727: checking for system library directory
configure:2742: result: lib
configure:2749: checking if compiler supports -R
configure:2773: cc -o conftest -g -O2   conftest.c -R /usr/lib  >&5
cc: error: unrecognized command line option '-R'
configure:2779: $? = 1
configure: failed program was:
| /* confdefs.h.  */
| 
| #define PACKAGE_NAME ""
| #define PACKAGE_TARNAME ""
| #define PACKAGE_VERSION ""
| #define PACKAGE_STRING ""
| #define PACKAGE_BUGREPORT ""
| /* end confdefs.h.  */
| 
| int
| main ()
| {
| 
|   ;
|   return 0;
| }
configure:2806: result: no
configure:2811: checking if compiler supports -Wl,-rpath,
configure:2835: cc -o conftest -g -O2   conftest.c -Wl,-rpath,/usr/lib  >&5
configure:2841: $? = 0
configure:2845: test -z 
			 || test ! -s conftest.err
configure:2848: $? = 0
configure:2851: test -s conftest
configure:2854: $? = 0
configure:2868: result: yes
configure:2911: checking build system type
configure:2929: result: i686-pc-linux-gnu
configure:2937: checking host system type
configure:2951: result: i686-pc-linux-gnu
configure:2959: checking target system type
configure:2973: result: i686-pc-linux-gnu
configure:3068: checking for PHP prefix
configure:3070: result: /usr/local/php
configure:3072: checking for PHP includes
configure:3074: result: -I/usr/local/php/include/php -I/usr/local/php/include/php/main -I/usr/local/php/include/php/TSRM -I/usr/local/php/include/php/Zend -I/usr/local/php/include/php/ext -I/usr/local/php/include/php/ext/date/lib
configure:3076: checking for PHP extension directory
configure:3078: result: /usr/local/php/lib/php/extensions/no-debug-non-zts-20121212
configure:3080: checking for PHP installed headers prefix
configure:3082: result: /usr/local/php/include/php
configure:3085: checking if debug is enabled
configure:3115: result: no
configure:3118: checking if zts is enabled
configure:3148: result: no
configure:3222: checking for re2c
configure:3251: result: no
configure:3275: WARNING: You will need re2c 0.13.4 or later if you want to regenerate PHP parsers.
configure:3289: checking for gawk
configure:3319: result: no
configure:3289: checking for nawk
configure:3306: found /usr/bin/nawk
configure:3316: result: nawk
configure:3340: checking if nawk is broken
configure:3349: result: no
configure:3367: checking whether to enable webp support
configure:3406: result: yes, shared
configure:4132: checking for ld used by cc
configure:4199: result: /usr/bin/ld
configure:4208: checking if the linker (/usr/bin/ld) is GNU ld
configure:4223: result: yes
configure:4228: checking for /usr/bin/ld option to reload object files
configure:4235: result: -r
configure:4253: checking for BSD-compatible nm
configure:4302: result: /usr/bin/nm -B
configure:4306: checking whether ln -s works
configure:4310: result: yes
configure:4317: checking how to recognize dependent libraries
configure:4503: result: pass_all
configure:4744: checking for ANSI C header files
configure:4769: cc -c -g -O2  -DWEBP_HAVE_JPEG -DWEBP_HAVE_PNG conftest.c >&5
configure:4775: $? = 0
configure:4779: test -z 
			 || test ! -s conftest.err
configure:4782: $? = 0
configure:4785: test -s conftest.o
configure:4788: $? = 0
configure:4877: cc -o conftest -g -O2  -DWEBP_HAVE_JPEG -DWEBP_HAVE_PNG  conftest.c  >&5
conftest.c: In function 'main':
conftest.c:27:7: warning: incompatible implicit declaration of built-in function 'exit' [enabled by default]
       exit(2);
       ^
configure:4880: $? = 0
configure:4882: ./conftest
configure:4885: $? = 0
configure:4900: result: yes
configure:4924: checking for sys/types.h
configure:4940: cc -c -g -O2  -DWEBP_HAVE_JPEG -DWEBP_HAVE_PNG conftest.c >&5
configure:4946: $? = 0
configure:4950: test -z 
			 || test ! -s conftest.err
configure:4953: $? = 0
configure:4956: test -s conftest.o
configure:4959: $? = 0
configure:4970: result: yes
configure:4924: checking for sys/stat.h
configure:4940: cc -c -g -O2  -DWEBP_HAVE_JPEG -DWEBP_HAVE_PNG conftest.c >&5
configure:4946: $? = 0
configure:4950: test -z 
			 || test ! -s conftest.err
configure:4953: $? = 0
configure:4956: test -s conftest.o
configure:4959: $? = 0
configure:4970: result: yes
configure:4924: checking for stdlib.h
configure:4940: cc -c -g -O2  -DWEBP_HAVE_JPEG -DWEBP_HAVE_PNG conftest.c >&5
configure:4946: $? = 0
configure:4950: test -z 
			 || test ! -s conftest.err
configure:4953: $? = 0
configure:4956: test -s conftest.o
configure:4959: $? = 0
configure:4970: result: yes
configure:4924: checking for string.h
configure:4940: cc -c -g -O2  -DWEBP_HAVE_JPEG -DWEBP_HAVE_PNG conftest.c >&5
configure:4946: $? = 0
configure:4950: test -z 
			 || test ! -s conftest.err
configure:4953: $? = 0
configure:4956: test -s conftest.o
configure:4959: $? = 0
configure:4970: result: yes
configure:4924: checking for memory.h
configure:4940: cc -c -g -O2  -DWEBP_HAVE_JPEG -DWEBP_HAVE_PNG conftest.c >&5
configure:4946: $? = 0
configure:4950: test -z 
			 || test ! -s conftest.err
configure:4953: $? = 0
configure:4956: test -s conftest.o
configure:4959: $? = 0
configure:4970: result: yes
configure:4924: checking for strings.h
configure:4940: cc -c -g -O2  -DWEBP_HAVE_JPEG -DWEBP_HAVE_PNG conftest.c >&5
configure:4946: $? = 0
configure:4950: test -z 
			 || test ! -s conftest.err
configure:4953: $? = 0
configure:4956: test -s conftest.o
configure:4959: $? = 0
configure:4970: result: yes
configure:4924: checking for inttypes.h
configure:4940: cc -c -g -O2  -DWEBP_HAVE_JPEG -DWEBP_HAVE_PNG conftest.c >&5
configure:4946: $? = 0
configure:4950: test -z 
			 || test ! -s conftest.err
configure:4953: $? = 0
configure:4956: test -s conftest.o
configure:4959: $? = 0
configure:4970: result: yes
configure:4924: checking for stdint.h
configure:4940: cc -c -g -O2  -DWEBP_HAVE_JPEG -DWEBP_HAVE_PNG conftest.c >&5
configure:4946: $? = 0
configure:4950: test -z 
			 || test ! -s conftest.err
configure:4953: $? = 0
configure:4956: test -s conftest.o
configure:4959: $? = 0
configure:4970: result: yes
configure:4924: checking for unistd.h
configure:4940: cc -c -g -O2  -DWEBP_HAVE_JPEG -DWEBP_HAVE_PNG conftest.c >&5
configure:4946: $? = 0
configure:4950: test -z 
			 || test ! -s conftest.err
configure:4953: $? = 0
configure:4956: test -s conftest.o
configure:4959: $? = 0
configure:4970: result: yes
configure:4996: checking dlfcn.h usability
configure:5008: cc -c -g -O2  -DWEBP_HAVE_JPEG -DWEBP_HAVE_PNG conftest.c >&5
configure:5014: $? = 0
configure:5018: test -z 
			 || test ! -s conftest.err
configure:5021: $? = 0
configure:5024: test -s conftest.o
configure:5027: $? = 0
configure:5037: result: yes
configure:5041: checking dlfcn.h presence
configure:5051: cc -E  -DWEBP_HAVE_JPEG -DWEBP_HAVE_PNG conftest.c
configure:5057: $? = 0
configure:5077: result: yes
configure:5112: checking for dlfcn.h
configure:5119: result: yes
configure:5144: checking the maximum length of command line arguments
configure:5256: result: 1572864
configure:5268: checking command to parse /usr/bin/nm -B output from cc object
configure:5373: cc -c -g -O2  -DWEBP_HAVE_JPEG -DWEBP_HAVE_PNG conftest.c >&5
configure:5376: $? = 0
configure:5380: /usr/bin/nm -B conftest.o \| sed -n -e 's/^.*[ 	]\([ABCDGIRSTW][ABCDGIRSTW]*\)[ 	][ 	]*\([_A-Za-z][_A-Za-z0-9]*\)$/\1 \2 \2/p' \> conftest.nm
configure:5383: $? = 0
configure:5435: cc -o conftest -g -O2  -DWEBP_HAVE_JPEG -DWEBP_HAVE_PNG  conftest.c conftstm.o >&5
configure:5438: $? = 0
configure:5476: result: ok
configure:5480: checking for objdir
configure:5495: result: .libs
configure:5585: checking for ar
configure:5601: found /usr/bin/ar
configure:5612: result: ar
configure:5665: checking for ranlib
configure:5681: found /usr/bin/ranlib
configure:5692: result: ranlib
configure:5745: checking for strip
configure:5761: found /usr/bin/strip
configure:5772: result: strip
configure:6308: checking if cc supports -fno-rtti -fno-exceptions
configure:6326: cc -c -g -O2  -DWEBP_HAVE_JPEG -DWEBP_HAVE_PNG -fno-rtti -fno-exceptions conftest.c >&5
cc1: warning: command line option '-fno-rtti' is valid for C++/ObjC++ but not for C [enabled by default]
configure:6330: $? = 0
configure:6343: result: no
configure:6358: checking for cc option to produce PIC
configure:6598: result: -fPIC
configure:6606: checking if cc PIC flag -fPIC works
configure:6624: cc -c -g -O2  -DWEBP_HAVE_JPEG -DWEBP_HAVE_PNG -fPIC -DPIC conftest.c >&5
configure:6628: $? = 0
configure:6641: result: yes
configure:6669: checking if cc static flag -static works
configure:6697: result: yes
configure:6707: checking if cc supports -c -o file.o
configure:6728: cc -c -g -O2  -DWEBP_HAVE_JPEG -DWEBP_HAVE_PNG -o out/conftest2.o conftest.c >&5
configure:6732: $? = 0
configure:6754: result: yes
configure:6780: checking whether the cc linker (/usr/bin/ld) supports shared libraries
configure:7712: result: yes
configure:7733: checking whether -lc should be explicitly linked in
configure:7738: cc -c -g -O2  -DWEBP_HAVE_JPEG -DWEBP_HAVE_PNG conftest.c >&5
configure:7741: $? = 0
configure:7756: cc -shared conftest.o  -v -Wl,-soname -Wl,conftest -o conftest 2\>\&1 \| grep  -lc  \>/dev/null 2\>\&1
configure:7759: $? = 0
configure:7771: result: no
configure:7779: checking dynamic linker characteristics
configure:8381: result: GNU/Linux ld.so
configure:8405: checking how to hardcode library paths into programs
configure:8430: result: immediate
configure:8444: checking whether stripping libraries is possible
configure:8449: result: yes
configure:9284: checking if libtool supports shared libraries
configure:9286: result: yes
configure:9289: checking whether to build shared libraries
configure:9310: result: yes
configure:9313: checking whether to build static libraries
configure:9317: result: no
configure:9412: result:
creating libtool
configure:13107: creating ./config.status

## ---------------------- ##
## Running config.status. ##
## ---------------------- ##

This file was extended by config.status, which was
generated by GNU Autoconf 2.59.  Invocation command line was

  CONFIG_FILES    = 
  CONFIG_HEADERS  = 
  CONFIG_LINKS    = 
  CONFIG_COMMANDS = 
  $ ./config.status 

on liexusong-VirtualBox

config.status:454: creating config.h
config.status:560: config.h is unchanged

## ---------------- ##
## Cache variables. ##
## ---------------- ##

ac_cv_build=i686-pc-linux-gnu
ac_cv_build_alias=i686-pc-linux-gnu
ac_cv_c_compiler_gnu=yes
ac_cv_env_CC_set=
ac_cv_env_CC_value=
ac_cv_env_CFLAGS_set=
ac_cv_env_CFLAGS_value=
ac_cv_env_CPPFLAGS_set=
ac_cv_env_CPPFLAGS_value=
ac_cv_env_CPP_set=
ac_cv_env_CPP_value=
ac_cv_env_LDFLAGS_set=
ac_cv_env_LDFLAGS_value=
ac_cv_env_build_alias_set=
ac_cv_env_build_alias_value=
ac_cv_env_host_alias_set=
ac_cv_env_host_alias_value=
ac_cv_env_target_alias_set=
ac_cv_env_target_alias_value=
ac_cv_exeext=
ac_cv_header_dlfcn_h=yes
ac_cv_header_inttypes_h=yes
ac_cv_header_memory_h=yes
ac_cv_header_stdc=yes
ac_cv_header_stdint_h=yes
ac_cv_header_stdlib_h=yes
ac_cv_header_string_h=yes
ac_cv_header_strings_h=yes
ac_cv_header_sys_stat_h=yes
ac_cv_header_sys_types_h=yes
ac_cv_header_unistd_h=yes
ac_cv_host=i686-pc-linux-gnu
ac_cv_host_alias=i686-pc-linux-gnu
ac_cv_objext=o
ac_cv_prog_AWK=nawk
ac_cv_prog_CPP='cc -E'
ac_cv_prog_ac_ct_AR=ar
ac_cv_prog_ac_ct_CC=cc
ac_cv_prog_ac_ct_RANLIB=ranlib
ac_cv_prog_ac_ct_STRIP=strip
ac_cv_prog_cc_cc_c_o=yes
ac_cv_prog_cc_g=yes
ac_cv_prog_cc_stdc=
ac_cv_prog_egrep='grep -E'
ac_cv_target=i686-pc-linux-gnu
ac_cv_target_alias=i686-pc-linux-gnu
lt_cv_deplibs_check_method=pass_all
lt_cv_file_magic_cmd='$MAGIC_CMD'
lt_cv_file_magic_test_file=
lt_cv_ld_reload_flag=-r
lt_cv_objdir=.libs
lt_cv_path_LD=/usr/bin/ld
lt_cv_path_NM='/usr/bin/nm -B'
lt_cv_path_SED=/bin/sed
lt_cv_prog_compiler_c_o=yes
lt_cv_prog_compiler_pic_works=yes
lt_cv_prog_compiler_rtti_exceptions=no
lt_cv_prog_compiler_static_works=yes
lt_cv_prog_gnu_ld=yes
lt_cv_sys_global_symbol_pipe='sed -n -e '\''s/^.*[ 	]\([ABCDGIRSTW][ABCDGIRSTW]*\)[ 	][ 	]*\([_A-Za-z][_A-Za-z0-9]*\)$/\1 \2 \2/p'\'''
lt_cv_sys_global_symbol_to_c_name_address='sed -n -e '\''s/^: \([^ ]*\) $/  {\"\1\", (lt_ptr) 0},/p'\'' -e '\''s/^[BCDEGRST] \([^ ]*\) \([^ ]*\)$/  {"\2", (lt_ptr) \&\2},/p'\'''
lt_cv_sys_global_symbol_to_cdecl='sed -n -e '\''s/^. .* \(.*\)$/extern int \1;/p'\'''
lt_cv_sys_lib_dlsearch_path_spec='/lib /usr/lib /usr/lib/i386-linux-gnu/mesa-egl /usr/lib/i386-linux-gnu/mesa /lib/i386-linux-gnu /usr/lib/i386-linux-gnu /lib/i686-linux-gnu /usr/lib/i686-linux-gnu /usr/local/lib '
lt_cv_sys_lib_search_path_spec='/usr/lib/gcc/i686-linux-gnu/4.8 /usr/lib/i386-linux-gnu /usr/lib /lib/i386-linux-gnu /lib'
lt_cv_sys_max_cmd_len=1572864
lt_lt_cv_prog_compiler_c_o='"yes"'
lt_lt_cv_sys_global_symbol_pipe='"sed -n -e '\''s/^.*[ 	]\\([ABCDGIRSTW][ABCDGIRSTW]*\\)[ 	][ 	]*\\([_A-Za-z][_A-Za-z0-9]*\\)\$/\\1 \\2 \\2/p'\''"'
lt_lt_cv_sys_global_symbol_to_c_name_address='"sed -n -e '\''s/^: \\([^ ]*\\) \$/  {\\\"\\1\\\", (lt_ptr) 0},/p'\'' -e '\''s/^[BCDEGRST] \\([^ ]*\\) \\([^ ]*\\)\$/  {\"\\2\", (lt_ptr) \\&\\2},/p'\''"'
lt_lt_cv_sys_global_symbol_to_cdecl='"sed -n -e '\''s/^. .* \\(.*\\)\$/extern int \\1;/p'\''"'
php_cv_cc_dashr=no
php_cv_cc_rpath=yes

## ----------------- ##
## Output variables. ##
## ----------------- ##

AR='ar'
AWK='nawk'
CC='cc'
CFLAGS='-g -O2'
CONFIGURE_COMMAND=' './configure'  '--with-php-config=/usr/local/php/bin/php-config''
CONFIGURE_OPTIONS=' '--with-php-config=/usr/local/php/bin/php-config''
CPP='cc -E'
CPPFLAGS=' -DWEBP_HAVE_JPEG -DWEBP_HAVE_PNG -DHAVE_CONFIG_H'
DEFS='-DHAVE_CONFIG_H'
DSYMUTIL=''
ECHO='echo'
ECHO_C=''
ECHO_N='-n'
ECHO_T=''
EGREP='grep -E'
EXEEXT=''
LDFLAGS=''
LIBOBJS=''
LIBS=''
LIBTOOL='$(SHELL) $(top_builddir)/libtool'
LN_S='ln -s'
LTLIBOBJS=''
NMEDIT=''
OBJEXT='o'
PACKAGE_BUGREPORT=''
PACKAGE_NAME=''
PACKAGE_STRING=''
PACKAGE_TARNAME=''
PACKAGE_VERSION=''
PATH_SEPARATOR=':'
RANLIB='ranlib'
RE2C='exit 0;'
SED='/bin/sed'
SHELL='/bin/bash'
SHLIB_DL_SUFFIX_NAME='so'
SHLIB_SUFFIX_NAME='so'
STRIP='strip'
ac_ct_AR='ar'
ac_ct_CC='cc'
ac_ct_DSYMUTIL=''
ac_ct_NMEDIT=''
ac_ct_RANLIB='ranlib'
ac_ct_STRIP='strip'
bindir='${exec_prefix}/bin'
build='i686-pc-linux-gnu'
build_alias=''
build_cpu='i686'
build_os='linux-gnu'
build_vendor='pc'
datadir='${prefix}/share'
exec_prefix='$(prefix)'
host='i686-pc-linux-gnu'
host_alias='i686-pc-linux-gnu'
host_cpu='i686'
host_os='linux-gnu'
host_vendor='pc'
includedir='${prefix}/include'
infodir='${prefix}/info'
libdir='${exec_prefix}/lib'
libexecdir='${exec_prefix}/libexec'
localstatedir='${prefix}/var'
mandir='${prefix}/man'
oldincludedir='/usr/include'
prefix='/usr/local/php'
program_transform_name='s,x,x,'
sbindir='${exec_prefix}/sbin'
sharedstatedir='${prefix}/com'
sysconfdir='${prefix}/etc'
target='i686-pc-linux-gnu'
target_alias=''
target_cpu='i686'
target_os='linux-gnu'
target_vendor='pc'

## ----------- ##
## confdefs.h. ##
## ----------- ##

#define COMPILE_DL_WEBP 1
#define HAVE_DLFCN_H 1
#define HAVE_INTTYPES_H 1
#define HAVE_MEMORY_H 1
#define HAVE_STDINT_H 1
#define HAVE_STDLIB_H 1
#define HAVE_STRINGS_H 1
#define HAVE_STRING_H 1
#define HAVE_SYS_STAT_H 1
#define HAVE_SYS_TYPES_H 1
#define HAVE_UNISTD_H 1
#define PACKAGE_BUGREPORT ""
#define PACKAGE_NAME ""
#define PACKAGE_STRING ""
#define PACKAGE_TARNAME ""
#define PACKAGE_VERSION ""
#define STDC_HEADERS 1

configure: exit 0
